<?xml version="1.0" encoding="UTF-8"?>
<testng-results skipped="0" failed="0" total="1" passed="1">
  <reporter-output>
  </reporter-output>
  <suite name="JATTestSuite" duration-ms="5963" started-at="2015-02-11T16:30:16Z" finished-at="2015-02-11T16:30:21Z">
    <groups>
    </groups>
    <test name="Projects" duration-ms="5963" started-at="2015-02-11T16:30:16Z" finished-at="2015-02-11T16:30:21Z">
      <class name="tests.TestSuite">
        <test-method status="PASS" signature="init()[pri:0, instance:tests.TestSuite@5032714f]" name="init" is-config="true" duration-ms="3445" started-at="2015-02-11T12:30:12Z" finished-at="2015-02-11T12:30:16Z">
          <reporter-output>
          </reporter-output>
        </test-method> <!-- init -->
        <test-method status="PASS" signature="logout()[pri:0, instance:tests.TestSuite@5032714f]" name="logout" is-config="true" duration-ms="2028" started-at="2015-02-11T12:30:22Z" finished-at="2015-02-11T12:30:24Z">
          <reporter-output>
          </reporter-output>
        </test-method> <!-- logout -->
      </class> <!-- tests.TestSuite -->
      <class name="tests.VerifySearchUserStoryByTitle">
        <test-method status="PASS" signature="preconditions()[pri:0, instance:tests.VerifySearchUserStoryByTitle@48075da3]" name="preconditions" is-config="true" duration-ms="2629" started-at="2015-02-11T12:30:16Z" finished-at="2015-02-11T12:30:18Z">
          <reporter-output>
          </reporter-output>
        </test-method> <!-- preconditions -->
        <test-method status="PASS" signature="testVerifySearchUserStoryByTitle()[pri:0, instance:tests.VerifySearchUserStoryByTitle@48075da3]" name="testVerifySearchUserStoryByTitle" duration-ms="3167" started-at="2015-02-11T12:30:18Z" finished-at="2015-02-11T12:30:21Z">
          <reporter-output>
          </reporter-output>
        </test-method> <!-- testVerifySearchUserStoryByTitle -->
      </class> <!-- tests.VerifySearchUserStoryByTitle -->
    </test> <!-- Projects -->
  </suite> <!-- JATTestSuite -->
</testng-results>
