<?xml version="1.0" encoding="UTF-8"?>
<testng-results skipped="0" failed="0" total="1" passed="1">
  <reporter-output>
  </reporter-output>
  <suite name="Default suite" duration-ms="16263" started-at="2015-01-26T23:49:38Z" finished-at="2015-01-26T23:49:55Z">
    <groups>
    </groups>
    <test name="Default test" duration-ms="16263" started-at="2015-01-26T23:49:38Z" finished-at="2015-01-26T23:49:55Z">
      <class name="tests.testNewProject">
        <test-method status="PASS" signature="setup()[pri:0, instance:tests.testNewProject@7cdbc5d3]" name="setup" is-config="true" duration-ms="12572" started-at="2015-01-26T19:49:38Z" finished-at="2015-01-26T19:49:51Z">
          <reporter-output>
          </reporter-output>
        </test-method> <!-- setup -->
        <test-method status="PASS" signature="testToVerifyIfAProjectIsCreated()[pri:0, instance:tests.testNewProject@7cdbc5d3]" name="testToVerifyIfAProjectIsCreated" duration-ms="3670" started-at="2015-01-26T19:49:51Z" finished-at="2015-01-26T19:49:55Z">
          <reporter-output>
          </reporter-output>
        </test-method> <!-- testToVerifyIfAProjectIsCreated -->
      </class> <!-- tests.testNewProject -->
    </test> <!-- Default test -->
  </suite> <!-- Default suite -->
</testng-results>
