<?xml version="1.0" encoding="UTF-8"?>
<!-- Generated by org.testng.reporters.JUnitXMLReporter -->
<testsuite hostname="VDQADEV01-DN5OI" name="Login Test" tests="3" failures="0" timestamp="28 Jan 2015 22:57:55 GMT" time="18.171" errors="0">
  <testcase name="testVerifyIfProjectsAreCreated" time="6.151" classname="tests.VerifyIfProjectsAreCreated"/>
  <testcase name="testVerifyIfProjectsAreCreated" time="5.048" classname="tests.VerifyIfProjectsAreCreated"/>
  <testcase name="testVerifyIfProjectsAreCreated" time="5.269" classname="tests.VerifyIfProjectsAreCreated"/>
</testsuite> <!-- Login Test -->
